Aug 11 2023 07:43:31
{"type":8192,"message":"Creation of dynamic property PLL_Integrations::$acf is deprecated","file":"\/Applications\/MAMP\/htdocs\/job_projects\/autolegion\/wp-content\/plugins\/polylang-pro\/integrations\/acf\/load.php","line":14}

Aug 11 2023 07:43:31
{"type":8192,"message":"Creation of dynamic property PLL_Integrations::$acf is deprecated","file":"\/Applications\/MAMP\/htdocs\/job_projects\/autolegion\/wp-content\/plugins\/polylang-pro\/integrations\/acf\/load.php","line":14}

Aug 11 2023 07:43:32
{"type":8192,"message":"Creation of dynamic property PLL_Integrations::$acf is deprecated","file":"\/Applications\/MAMP\/htdocs\/job_projects\/autolegion\/wp-content\/plugins\/polylang-pro\/integrations\/acf\/load.php","line":14}

Aug 11 2023 07:43:32
{"type":8192,"message":"Creation of dynamic property PLL_Integrations::$acf is deprecated","file":"\/Applications\/MAMP\/htdocs\/job_projects\/autolegion\/wp-content\/plugins\/polylang-pro\/integrations\/acf\/load.php","line":14}

Aug 11 2023 07:43:33
{"type":8192,"message":"Creation of dynamic property PLL_Integrations::$acf is deprecated","file":"\/Applications\/MAMP\/htdocs\/job_projects\/autolegion\/wp-content\/plugins\/polylang-pro\/integrations\/acf\/load.php","line":14}

Aug 11 2023 07:43:33
{"type":8192,"message":"Creation of dynamic property PLL_Integrations::$acf is deprecated","file":"\/Applications\/MAMP\/htdocs\/job_projects\/autolegion\/wp-content\/plugins\/polylang-pro\/integrations\/acf\/load.php","line":14}

Aug 11 2023 07:43:34
{"type":8192,"message":"Creation of dynamic property PLL_Integrations::$acf is deprecated","file":"\/Applications\/MAMP\/htdocs\/job_projects\/autolegion\/wp-content\/plugins\/polylang-pro\/integrations\/acf\/load.php","line":14}

Aug 11 2023 07:43:34
{"type":8192,"message":"Creation of dynamic property PLL_Integrations::$acf is deprecated","file":"\/Applications\/MAMP\/htdocs\/job_projects\/autolegion\/wp-content\/plugins\/polylang-pro\/integrations\/acf\/load.php","line":14}

Aug 11 2023 07:43:35
{"type":8192,"message":"Creation of dynamic property PLL_Integrations::$acf is deprecated","file":"\/Applications\/MAMP\/htdocs\/job_projects\/autolegion\/wp-content\/plugins\/polylang-pro\/integrations\/acf\/load.php","line":14}

Aug 11 2023 07:43:35
{"type":8192,"message":"Creation of dynamic property PLL_Integrations::$acf is deprecated","file":"\/Applications\/MAMP\/htdocs\/job_projects\/autolegion\/wp-content\/plugins\/polylang-pro\/integrations\/acf\/load.php","line":14}

Aug 11 2023 07:43:36
{"type":8192,"message":"Creation of dynamic property PLL_Integrations::$acf is deprecated","file":"\/Applications\/MAMP\/htdocs\/job_projects\/autolegion\/wp-content\/plugins\/polylang-pro\/integrations\/acf\/load.php","line":14}

Aug 11 2023 07:43:36
{"type":8192,"message":"Creation of dynamic property PLL_Integrations::$acf is deprecated","file":"\/Applications\/MAMP\/htdocs\/job_projects\/autolegion\/wp-content\/plugins\/polylang-pro\/integrations\/acf\/load.php","line":14}

Aug 11 2023 07:43:37
{"type":8192,"message":"Creation of dynamic property PLL_Integrations::$acf is deprecated","file":"\/Applications\/MAMP\/htdocs\/job_projects\/autolegion\/wp-content\/plugins\/polylang-pro\/integrations\/acf\/load.php","line":14}

Aug 11 2023 07:43:37
{"type":8192,"message":"Creation of dynamic property PLL_Integrations::$acf is deprecated","file":"\/Applications\/MAMP\/htdocs\/job_projects\/autolegion\/wp-content\/plugins\/polylang-pro\/integrations\/acf\/load.php","line":14}

Aug 11 2023 07:43:38
{"type":8192,"message":"Creation of dynamic property PLL_Integrations::$acf is deprecated","file":"\/Applications\/MAMP\/htdocs\/job_projects\/autolegion\/wp-content\/plugins\/polylang-pro\/integrations\/acf\/load.php","line":14}

Aug 11 2023 07:43:38
{"type":8192,"message":"Creation of dynamic property PLL_Integrations::$acf is deprecated","file":"\/Applications\/MAMP\/htdocs\/job_projects\/autolegion\/wp-content\/plugins\/polylang-pro\/integrations\/acf\/load.php","line":14}

Aug 11 2023 07:43:39
{"type":8192,"message":"Creation of dynamic property PLL_Integrations::$acf is deprecated","file":"\/Applications\/MAMP\/htdocs\/job_projects\/autolegion\/wp-content\/plugins\/polylang-pro\/integrations\/acf\/load.php","line":14}

Aug 11 2023 07:43:39
{"type":8192,"message":"Creation of dynamic property PLL_Integrations::$acf is deprecated","file":"\/Applications\/MAMP\/htdocs\/job_projects\/autolegion\/wp-content\/plugins\/polylang-pro\/integrations\/acf\/load.php","line":14}

Aug 11 2023 07:43:40
{"type":8192,"message":"Creation of dynamic property PLL_Integrations::$acf is deprecated","file":"\/Applications\/MAMP\/htdocs\/job_projects\/autolegion\/wp-content\/plugins\/polylang-pro\/integrations\/acf\/load.php","line":14}

Aug 11 2023 07:43:40
{"type":8192,"message":"Creation of dynamic property PLL_Integrations::$acf is deprecated","file":"\/Applications\/MAMP\/htdocs\/job_projects\/autolegion\/wp-content\/plugins\/polylang-pro\/integrations\/acf\/load.php","line":14}

Aug 11 2023 07:43:40
{"type":8192,"message":"Creation of dynamic property PLL_Integrations::$acf is deprecated","file":"\/Applications\/MAMP\/htdocs\/job_projects\/autolegion\/wp-content\/plugins\/polylang-pro\/integrations\/acf\/load.php","line":14}

Aug 11 2023 07:43:41
{"type":8192,"message":"Creation of dynamic property PLL_Integrations::$acf is deprecated","file":"\/Applications\/MAMP\/htdocs\/job_projects\/autolegion\/wp-content\/plugins\/polylang-pro\/integrations\/acf\/load.php","line":14}

Aug 11 2023 07:43:42
{"type":8192,"message":"Creation of dynamic property PLL_Integrations::$acf is deprecated","file":"\/Applications\/MAMP\/htdocs\/job_projects\/autolegion\/wp-content\/plugins\/polylang-pro\/integrations\/acf\/load.php","line":14}

Aug 11 2023 07:43:42
{"type":8192,"message":"Creation of dynamic property PLL_Integrations::$acf is deprecated","file":"\/Applications\/MAMP\/htdocs\/job_projects\/autolegion\/wp-content\/plugins\/polylang-pro\/integrations\/acf\/load.php","line":14}

Aug 11 2023 07:43:42
{"type":8192,"message":"Creation of dynamic property PLL_Integrations::$acf is deprecated","file":"\/Applications\/MAMP\/htdocs\/job_projects\/autolegion\/wp-content\/plugins\/polylang-pro\/integrations\/acf\/load.php","line":14}

Aug 11 2023 07:43:43
{"type":8192,"message":"Creation of dynamic property PLL_Integrations::$acf is deprecated","file":"\/Applications\/MAMP\/htdocs\/job_projects\/autolegion\/wp-content\/plugins\/polylang-pro\/integrations\/acf\/load.php","line":14}

Aug 11 2023 07:43:43
{"type":8192,"message":"Creation of dynamic property PLL_Integrations::$acf is deprecated","file":"\/Applications\/MAMP\/htdocs\/job_projects\/autolegion\/wp-content\/plugins\/polylang-pro\/integrations\/acf\/load.php","line":14}

Aug 11 2023 07:43:44
{"type":8192,"message":"Creation of dynamic property PLL_Integrations::$acf is deprecated","file":"\/Applications\/MAMP\/htdocs\/job_projects\/autolegion\/wp-content\/plugins\/polylang-pro\/integrations\/acf\/load.php","line":14}

Aug 11 2023 07:43:44
{"type":8192,"message":"Creation of dynamic property PLL_Integrations::$acf is deprecated","file":"\/Applications\/MAMP\/htdocs\/job_projects\/autolegion\/wp-content\/plugins\/polylang-pro\/integrations\/acf\/load.php","line":14}

Aug 11 2023 07:43:45
{"type":8192,"message":"Creation of dynamic property PLL_Integrations::$acf is deprecated","file":"\/Applications\/MAMP\/htdocs\/job_projects\/autolegion\/wp-content\/plugins\/polylang-pro\/integrations\/acf\/load.php","line":14}

Aug 11 2023 07:43:45
{"type":8192,"message":"Creation of dynamic property PLL_Integrations::$acf is deprecated","file":"\/Applications\/MAMP\/htdocs\/job_projects\/autolegion\/wp-content\/plugins\/polylang-pro\/integrations\/acf\/load.php","line":14}

Aug 11 2023 07:43:46
{"type":8192,"message":"Creation of dynamic property PLL_Integrations::$acf is deprecated","file":"\/Applications\/MAMP\/htdocs\/job_projects\/autolegion\/wp-content\/plugins\/polylang-pro\/integrations\/acf\/load.php","line":14}

Aug 11 2023 07:43:46
{"type":8192,"message":"Creation of dynamic property PLL_Integrations::$acf is deprecated","file":"\/Applications\/MAMP\/htdocs\/job_projects\/autolegion\/wp-content\/plugins\/polylang-pro\/integrations\/acf\/load.php","line":14}

Aug 11 2023 07:43:47
{"type":8192,"message":"Creation of dynamic property PLL_Integrations::$acf is deprecated","file":"\/Applications\/MAMP\/htdocs\/job_projects\/autolegion\/wp-content\/plugins\/polylang-pro\/integrations\/acf\/load.php","line":14}

Aug 11 2023 07:43:47
{"type":8192,"message":"Creation of dynamic property PLL_Integrations::$acf is deprecated","file":"\/Applications\/MAMP\/htdocs\/job_projects\/autolegion\/wp-content\/plugins\/polylang-pro\/integrations\/acf\/load.php","line":14}

Aug 11 2023 07:43:48
{"type":8192,"message":"Creation of dynamic property PLL_Integrations::$acf is deprecated","file":"\/Applications\/MAMP\/htdocs\/job_projects\/autolegion\/wp-content\/plugins\/polylang-pro\/integrations\/acf\/load.php","line":14}

Aug 11 2023 07:43:48
{"type":8192,"message":"Creation of dynamic property PLL_Integrations::$acf is deprecated","file":"\/Applications\/MAMP\/htdocs\/job_projects\/autolegion\/wp-content\/plugins\/polylang-pro\/integrations\/acf\/load.php","line":14}

Aug 11 2023 07:43:49
{"type":8192,"message":"Creation of dynamic property PLL_Integrations::$acf is deprecated","file":"\/Applications\/MAMP\/htdocs\/job_projects\/autolegion\/wp-content\/plugins\/polylang-pro\/integrations\/acf\/load.php","line":14}

Aug 11 2023 07:43:49
{"type":8192,"message":"Creation of dynamic property PLL_Integrations::$acf is deprecated","file":"\/Applications\/MAMP\/htdocs\/job_projects\/autolegion\/wp-content\/plugins\/polylang-pro\/integrations\/acf\/load.php","line":14}

Aug 11 2023 07:43:50
{"type":8192,"message":"Creation of dynamic property PLL_Integrations::$acf is deprecated","file":"\/Applications\/MAMP\/htdocs\/job_projects\/autolegion\/wp-content\/plugins\/polylang-pro\/integrations\/acf\/load.php","line":14}

Aug 11 2023 07:43:50
{"type":8192,"message":"Creation of dynamic property PLL_Integrations::$acf is deprecated","file":"\/Applications\/MAMP\/htdocs\/job_projects\/autolegion\/wp-content\/plugins\/polylang-pro\/integrations\/acf\/load.php","line":14}

Aug 11 2023 07:43:51
{"type":8192,"message":"Creation of dynamic property PLL_Integrations::$acf is deprecated","file":"\/Applications\/MAMP\/htdocs\/job_projects\/autolegion\/wp-content\/plugins\/polylang-pro\/integrations\/acf\/load.php","line":14}

Aug 11 2023 07:43:51
{"type":8192,"message":"Creation of dynamic property PLL_Integrations::$acf is deprecated","file":"\/Applications\/MAMP\/htdocs\/job_projects\/autolegion\/wp-content\/plugins\/polylang-pro\/integrations\/acf\/load.php","line":14}

Aug 11 2023 07:43:52
{"type":8192,"message":"Creation of dynamic property PLL_Integrations::$acf is deprecated","file":"\/Applications\/MAMP\/htdocs\/job_projects\/autolegion\/wp-content\/plugins\/polylang-pro\/integrations\/acf\/load.php","line":14}

Aug 11 2023 07:43:52
{"type":8192,"message":"Creation of dynamic property PLL_Integrations::$acf is deprecated","file":"\/Applications\/MAMP\/htdocs\/job_projects\/autolegion\/wp-content\/plugins\/polylang-pro\/integrations\/acf\/load.php","line":14}

Aug 11 2023 07:43:53
{"type":8192,"message":"Creation of dynamic property PLL_Plugin_Updater::$beta is deprecated","file":"\/Applications\/MAMP\/htdocs\/job_projects\/autolegion\/wp-content\/plugins\/polylang-pro\/vendor\/wpsyntex\/polylang\/install\/plugin-updater.php","line":50}

Aug 11 2023 07:43:53
{"type":8192,"message":"Creation of dynamic property PLL_Plugin_Updater::$beta is deprecated","file":"\/Applications\/MAMP\/htdocs\/job_projects\/autolegion\/wp-content\/plugins\/polylang-pro\/vendor\/wpsyntex\/polylang\/install\/plugin-updater.php","line":50}

Aug 11 2023 07:43:54
{"type":8192,"message":"Creation of dynamic property PLL_Plugin_Updater::$beta is deprecated","file":"\/Applications\/MAMP\/htdocs\/job_projects\/autolegion\/wp-content\/plugins\/polylang-pro\/vendor\/wpsyntex\/polylang\/install\/plugin-updater.php","line":50}

Aug 11 2023 07:43:59
{"type":8192,"message":"Creation of dynamic property PLL_Plugin_Updater::$beta is deprecated","file":"\/Applications\/MAMP\/htdocs\/job_projects\/autolegion\/wp-content\/plugins\/polylang-pro\/vendor\/wpsyntex\/polylang\/install\/plugin-updater.php","line":50}

Aug 11 2023 07:44:00
{"type":8192,"message":"Creation of dynamic property PLL_Plugin_Updater::$beta is deprecated","file":"\/Applications\/MAMP\/htdocs\/job_projects\/autolegion\/wp-content\/plugins\/polylang-pro\/vendor\/wpsyntex\/polylang\/install\/plugin-updater.php","line":50}

Aug 11 2023 07:44:03
{"type":8192,"message":"Creation of dynamic property PLL_Plugin_Updater::$beta is deprecated","file":"\/Applications\/MAMP\/htdocs\/job_projects\/autolegion\/wp-content\/plugins\/polylang-pro\/vendor\/wpsyntex\/polylang\/install\/plugin-updater.php","line":50}

Aug 11 2023 07:44:04
{"type":8192,"message":"Creation of dynamic property PLL_Plugin_Updater::$beta is deprecated","file":"\/Applications\/MAMP\/htdocs\/job_projects\/autolegion\/wp-content\/plugins\/polylang-pro\/vendor\/wpsyntex\/polylang\/install\/plugin-updater.php","line":50}

Aug 11 2023 07:44:04
{"Number":8192,"Message":"Creation of dynamic property Ai1wm_Database_Mysqli::$old_replace_raw_values is deprecated","File":"\/Applications\/MAMP\/htdocs\/job_projects\/autolegion\/wp-content\/plugins\/All-In-One-WP-Migration-With-Import-master\/lib\/vendor\/servmask\/database\/class-ai1wm-database.php","Line":300}

Aug 11 2023 07:44:04
{"Number":8192,"Message":"Creation of dynamic property Ai1wm_Database_Mysqli::$new_replace_raw_values is deprecated","File":"\/Applications\/MAMP\/htdocs\/job_projects\/autolegion\/wp-content\/plugins\/All-In-One-WP-Migration-With-Import-master\/lib\/vendor\/servmask\/database\/class-ai1wm-database.php","Line":321}

Aug 11 2023 07:44:05
{"type":8192,"message":"Creation of dynamic property PLL_Plugin_Updater::$beta is deprecated","file":"\/Applications\/MAMP\/htdocs\/job_projects\/autolegion\/wp-content\/plugins\/polylang-pro\/vendor\/wpsyntex\/polylang\/install\/plugin-updater.php","line":50}

Aug 11 2023 07:44:05
{"type":8192,"message":"Return type of Ai1wm_Recursive_Newline_Filter::accept() should either be compatible with FilterIterator::accept(): bool, or the #[\\ReturnTypeWillChange] attribute should be used to temporarily suppress the notice","file":"\/Applications\/MAMP\/htdocs\/job_projects\/autolegion\/wp-content\/plugins\/All-In-One-WP-Migration-With-Import-master\/lib\/vendor\/servmask\/filter\/class-ai1wm-recursive-newline-filter.php","line":28}

Aug 11 2023 07:44:06
{"type":8192,"message":"Creation of dynamic property PLL_Admin::$sync_post is deprecated","file":"\/Applications\/MAMP\/htdocs\/job_projects\/autolegion\/wp-content\/plugins\/polylang-pro\/modules\/admin-loader\/admin-loader.php","line":80}

